INFO	2024/06/04 09:53:12 Starting server on :4000
INFO	2024/06/04 09:52:22 running
INFO	2024/06/04 09:52:23 running
INFO	2024/06/03 13:14:03 running
INFO	2024/06/03 13:14:03 running
INFO	2024/06/03 13:14:03 running
INFO	2024/06/03 13:14:03 running
INFO	2024/06/03 13:14:03 running
INFO	2024/06/03 13:14:03 running
INFO	2024/06/03 13:14:03 running
INFO	2024/06/03 13:14:03 running
INFO	2024/06/03 13:14:03 running
INFO	2024/06/03 13:14:03 running
INFO	2024/06/03 13:14:04 running
INFO	2024/06/03 13:14:04 running
INFO	2024/06/03 13:14:04 running
INFO	2024/06/03 13:14:04 running
INFO	2024/06/03 13:14:04 running
INFO	2024/06/03 13:14:04 running
INFO	2024/06/03 13:14:04 running
INFO	2024/06/03 13:14:04 running
INFO	2024/06/03 13:14:04 running
INFO	2024/06/03 13:14:04 running
INFO	2024/06/03 13:14:04 running
INFO	2024/06/03 13:14:04 running
INFO	2024/06/03 13:14:05 running
INFO	2024/06/03 13:14:05 running
INFO	2024/06/03 13:14:05 running
INFO	2024/06/03 13:14:05 running
INFO	2024/06/03 13:14:05 running
INFO	2024/06/03 13:14:05 running
INFO	2024/06/03 13:14:05 running
INFO	2024/06/03 13:14:05 running
INFO	2024/06/03 13:14:05 running
INFO	2024/06/03 13:14:05 running
INFO	2024/06/03 13:14:05 running
INFO	2024/06/03 13:14:05 running
INFO	2024/06/03 13:14:06 running
INFO	2024/06/03 13:14:06 running
INFO	2024/06/03 13:14:06 running
INFO	2024/06/03 13:14:06 running
INFO	2024/06/03 13:14:06 running
INFO	2024/06/03 13:14:06 running
INFO	2024/06/03 13:14:06 running
INFO	2024/06/03 13:14:06 running
INFO	2024/06/03 13:14:06 running
INFO	2024/06/03 13:14:06 running
INFO	2024/06/03 13:14:07 running
INFO	2024/06/03 13:14:07 running
INFO	2024/06/03 13:14:07 running
INFO	2024/06/03 13:14:07 running
INFO	2024/06/03 13:14:07 running
INFO	2024/06/03 13:14:07 running
INFO	2024/06/03 13:14:07 running
INFO	2024/06/03 13:14:07 running
INFO	2024/06/03 13:14:07 running
INFO	2024/06/03 13:14:07 running
INFO	2024/06/03 13:14:07 running
INFO	2024/06/03 13:14:07 running
INFO	2024/06/03 13:14:08 running
INFO	2024/06/03 13:14:08 running
INFO	2024/06/03 13:14:08 running
INFO	2024/06/03 13:14:08 running
INFO	2024/06/03 13:14:08 running
INFO	2024/06/03 13:14:08 running
INFO	2024/06/03 13:14:08 running
INFO	2024/06/03 13:14:08 running
INFO	2024/06/04 10:00:08 Starting server on :4000
INFO	2024/06/04 10:12:30 Starting server on :4000
INFO	2024/06/04 10:13:55 Displayed home page
INFO	2024/06/04 10:13:55 Displayed home page
INFO	2024/06/04 10:13:56 Displayed home page
INFO	2024/06/04 10:13:56 Displayed home page
INFO	2024/06/04 10:14:27 Starting server on :4000
INFO	2024/06/04 11:12:57 Starting server on :4000
INFO	2024/06/04 12:11:07 Starting server on :4000
INFO	2024/06/04 12:11:17 Displayed home page
INFO	2024/06/04 12:11:17 Displayed home page
INFO	2024/06/04 12:11:21 Displayed home page
INFO	2024/06/04 12:11:21 Displayed home page
INFO	2024/06/04 13:10:33 Displayed home page
INFO	2024/06/04 13:10:33 Displayed home page
INFO	2024/06/04 13:17:31 Displayed home page
INFO	2024/06/04 13:17:31 Displayed home page
INFO	2024/06/04 14:49:35 Starting server on :4000
INFO	2024/06/04 14:49:46 Displayed home page
INFO	2024/06/04 14:49:46 Displayed home page
INFO	2024/06/04 14:49:50 Displayed home page
INFO	2024/06/04 14:49:50 Displayed home page
INFO	2024/06/04 14:50:14 Displayed home page
INFO	2024/06/04 14:51:23 Starting server on :4000
INFO	2024/06/04 14:51:23 Displayed home page
INFO	2024/06/04 14:51:29 Displayed home page
INFO	2024/06/04 14:51:33 Displayed home page
INFO	2024/06/04 14:51:33 Displayed home page
INFO	2024/06/04 14:51:35 Displayed home page
INFO	2024/06/04 14:51:35 Displayed home page
INFO	2024/06/04 14:52:18 Starting server on :4000
INFO	2024/06/04 14:52:32 Displayed home page
INFO	2024/06/04 14:52:32 Displayed home page
INFO	2024/06/04 14:52:41 Displayed home page
INFO	2024/06/04 14:52:41 Displayed home page
INFO	2024/06/04 14:54:13 Displayed home page
INFO	2024/06/04 14:54:13 Displayed home page
INFO	2024/06/04 14:54:17 Displayed home page
INFO	2024/06/04 14:54:17 Displayed home page
INFO	2024/06/04 14:54:26 Displayed home page
INFO	2024/06/04 14:54:26 Displayed home page
INFO	2024/06/04 16:15:15 Starting server on :4000
INFO	2024/06/04 16:15:27 Displayed home page
INFO	2024/06/04 16:15:27 Displayed home page
INFO	2024/06/04 16:15:29 Displayed home page
INFO	2024/06/04 16:15:29 Displayed home page
INFO	2024/06/04 16:15:43 Displayed home page
INFO	2024/06/04 16:15:43 Displayed home page
INFO	2024/06/04 16:15:53 Displayed home page
INFO	2024/06/04 16:15:53 Displayed home page
INFO	2024/06/04 16:33:54 Starting server on :4000
INFO	2024/06/04 16:39:54 Starting server on :4000
INFO	2024/06/04 16:42:04 Starting server on :4000
INFO	2024/06/04 16:42:26 Starting server on :4000
INFO	2024/06/04 16:43:49 Starting server on :4000
INFO	2024/06/04 16:46:32 Starting server on :4000
INFO	2024/06/04 16:50:36 Starting server on :4000
INFO	2024/06/04 16:50:44 Displayed home page
INFO	2024/06/04 16:50:44 Displayed home page
INFO	2024/06/04 16:50:48 Displayed home page
INFO	2024/06/04 16:50:48 Displayed home page
INFO	2024/06/04 16:50:49 Displayed home page
INFO	2024/06/04 16:50:49 Displayed home page
INFO	2024/06/04 16:50:49 Displayed home page
INFO	2024/06/04 16:50:49 Displayed home page
INFO	2024/06/04 16:50:50 Displayed home page
INFO	2024/06/04 16:50:50 Displayed home page
INFO	2024/06/04 16:50:50 Displayed home page
INFO	2024/06/04 16:50:50 Displayed home page
INFO	2024/06/04 16:50:50 Displayed home page
INFO	2024/06/04 16:50:50 Displayed home page
INFO	2024/06/04 16:50:50 Displayed home page
INFO	2024/06/04 16:50:50 Displayed home page
INFO	2024/06/04 16:50:51 Displayed home page
INFO	2024/06/04 16:50:51 Displayed home page
INFO	2024/06/04 16:50:51 Displayed home page
INFO	2024/06/04 16:50:51 Displayed home page
INFO	2024/06/04 16:50:51 Displayed home page
INFO	2024/06/04 16:50:51 Displayed home page
INFO	2024/06/04 16:50:51 Displayed home page
INFO	2024/06/04 16:50:51 Displayed home page
INFO	2024/06/04 16:50:51 Displayed home page
INFO	2024/06/04 16:50:51 Displayed home page
INFO	2024/06/04 16:50:51 Displayed home page
INFO	2024/06/04 16:50:52 Displayed home page
INFO	2024/06/04 16:50:52 Displayed home page
INFO	2024/06/04 16:50:52 Displayed home page
INFO	2024/06/04 16:50:59 Displayed home page
INFO	2024/06/04 16:50:59 Displayed home page
INFO	2024/06/04 16:51:01 Displayed home page
INFO	2024/06/04 16:51:01 Displayed home page
INFO	2024/06/04 16:51:03 Displayed home page
INFO	2024/06/04 16:51:03 Displayed home page
INFO	2024/06/04 18:08:49 Starting server on :4000
INFO	2024/06/04 18:12:04 Starting server on :4000
INFO	2024/06/04 18:12:14 Displayed home page
INFO	2024/06/04 18:12:14 Displayed home page
INFO	2024/06/04 18:12:21 Displayed home page
INFO	2024/06/04 18:12:21 Displayed home page
INFO	2024/06/04 18:12:23 Displayed home page
INFO	2024/06/04 18:12:23 Displayed home page
INFO	2024/06/04 18:12:29 Displayed home page
INFO	2024/06/04 18:12:29 Displayed home page
INFO	2024/06/04 18:12:48 Displayed home page
INFO	2024/06/04 18:12:48 Displayed home page
INFO	2024/06/04 18:13:07 Displayed home page
INFO	2024/06/04 18:13:07 Displayed home page
INFO	2024/06/04 18:14:11 Starting server on :4000
INFO	2024/06/04 18:14:26 Displayed home page
INFO	2024/06/04 18:14:26 Displayed home page
INFO	2024/06/04 18:14:31 Displayed home page
INFO	2024/06/04 18:14:31 Displayed home page
INFO	2024/06/04 18:14:40 Displayed home page
INFO	2024/06/04 18:14:40 Displayed home page
INFO	2024/06/04 18:14:41 Displayed home page
INFO	2024/06/04 18:14:41 Displayed home page
INFO	2024/06/04 18:14:47 Displayed home page
INFO	2024/06/04 18:14:47 Displayed home page
INFO	2024/06/04 18:14:51 Displayed home page
INFO	2024/06/04 18:14:51 Displayed home page
INFO	2024/06/04 18:15:07 Displayed home page
INFO	2024/06/04 18:15:07 Displayed home page
INFO	2024/06/04 18:15:14 Displayed home page
INFO	2024/06/04 18:15:15 Displayed home page
INFO	2024/06/04 18:15:50 Displayed home page
INFO	2024/06/04 18:15:50 Displayed home page
INFO	2024/06/04 18:15:57 Displayed home page
INFO	2024/06/04 18:15:57 Displayed home page
INFO	2024/06/04 18:17:57 Starting server on :4000
INFO	2024/06/04 18:18:04 Displayed home page
INFO	2024/06/04 18:18:04 Displayed home page
INFO	2024/06/04 18:18:07 Displayed home page
INFO	2024/06/04 18:18:07 Displayed home page
INFO	2024/06/04 18:18:15 Displayed home page
INFO	2024/06/04 18:18:15 Displayed home page
INFO	2024/06/04 18:20:05 Displayed home page
INFO	2024/06/04 18:20:05 Displayed home page
INFO	2024/06/04 18:22:00 Displayed home page
INFO	2024/06/04 18:23:12 Displayed home page
INFO	2024/06/04 18:23:25 Displayed home page
INFO	2024/06/04 18:29:52 Displayed home page
INFO	2024/06/04 18:33:31 Displayed home page
INFO	2024/06/04 18:35:21 Starting server on :4000
INFO	2024/06/04 18:36:02 Displayed home page
INFO	2024/06/04 18:36:02 Displayed home page
INFO	2024/06/04 18:36:41 Displayed home page
INFO	2024/06/05 10:32:35 Starting server on :4000
INFO	2024/06/05 10:32:48 Displayed home page
INFO	2024/06/05 10:32:49 Displayed home page
INFO	2024/06/05 10:32:55 Displayed home page
INFO	2024/06/05 10:32:55 Displayed home page
INFO	2024/06/05 10:32:57 Displayed home page
INFO	2024/06/05 10:32:57 Displayed home page
INFO	2024/06/05 10:32:58 Displayed home page
INFO	2024/06/05 10:32:58 Displayed home page
INFO	2024/06/05 10:33:00 Displayed home page
INFO	2024/06/05 10:33:00 Displayed home page
INFO	2024/06/05 10:33:01 Displayed home page
INFO	2024/06/05 10:33:01 Displayed home page
INFO	2024/06/05 10:40:48 Displayed home page
INFO	2024/06/05 10:40:48 Displayed home page
INFO	2024/06/05 10:40:59 Displayed home page
INFO	2024/06/05 10:40:59 Displayed home page
INFO	2024/06/05 10:44:12 Displayed home page
INFO	2024/06/05 10:44:31 Displayed home page
INFO	2024/06/05 10:44:31 Displayed home page
INFO	2024/06/05 11:57:17 Displayed home page
INFO	2024/06/05 11:57:17 Displayed home page
INFO	2024/06/05 11:57:18 Displayed home page
INFO	2024/06/05 11:57:18 Displayed home page
INFO	2024/06/05 11:57:18 Displayed home page
INFO	2024/06/05 11:57:18 Displayed home page
INFO	2024/06/05 11:57:21 Displayed home page
INFO	2024/06/05 11:57:21 Displayed home page
INFO	2024/06/05 11:57:23 Displayed home page
INFO	2024/06/05 11:57:23 Displayed home page
INFO	2024/06/05 11:57:24 Displayed home page
INFO	2024/06/05 11:57:24 Displayed home page
INFO	2024/06/05 12:58:53 [::1]:51119 - HTTP/1.1 GET /
INFO	2024/06/05 12:58:53 Displayed home page
INFO	2024/06/05 12:58:53 [::1]:51119 - HTTP/1.1 GET /favicon.ico
INFO	2024/06/05 12:58:53 Displayed home page
INFO	2024/06/05 15:21:47 Displayed home page
INFO	2024/06/05 15:21:47 Displayed home page
INFO	2024/06/05 16:55:49 [::1]:53870 - HTTP/1.1 GET /
INFO	2024/06/05 16:55:49 Displayed home page
INFO	2024/06/05 16:55:49 [::1]:53870 - HTTP/1.1 GET /favicon.ico
INFO	2024/06/05 16:55:56 [::1]:53870 - HTTP/1.1 POST /addtask
INFO	2024/06/05 16:55:56 [::1]:53870 - HTTP/1.1 GET /
INFO	2024/06/05 16:55:56 Displayed home page
INFO	2024/06/05 16:56:03 [::1]:53870 - HTTP/1.1 POST /updatetask
INFO	2024/06/05 16:56:03 [::1]:53870 - HTTP/1.1 GET /
INFO	2024/06/05 16:56:03 Displayed home page
INFO	2024/06/05 17:09:22 [::1]:54036 - HTTP/1.1 POST /addtask
INFO	2024/06/05 17:09:22 [::1]:54036 - HTTP/1.1 GET /
INFO	2024/06/05 17:09:22 Displayed home page
INFO	2024/06/05 17:09:30 [::1]:54036 - HTTP/1.1 POST /deletetask
INFO	2024/06/05 17:09:30 [::1]:54036 - HTTP/1.1 GET /
INFO	2024/06/05 17:09:30 Displayed home page
INFO	2024/06/05 17:58:58 [::1]:54699 - HTTP/1.1 GET /
INFO	2024/06/05 17:58:58 Displayed home page
INFO	2024/06/05 17:59:03 [::1]:54699 - HTTP/1.1 POST /addtask
INFO	2024/06/05 17:59:03 [::1]:54699 - HTTP/1.1 GET /
INFO	2024/06/05 17:59:03 Displayed home page
INFO	2024/06/05 18:00:29 [::1]:54699 - HTTP/1.1 POST /updatetask
INFO	2024/06/05 18:00:29 [::1]:54699 - HTTP/1.1 GET /
INFO	2024/06/05 18:00:29 Displayed home page
INFO	2024/06/05 18:08:42 [::1]:54813 - HTTP/1.1 GET /
INFO	2024/06/05 18:08:42 Displayed home page
INFO	2024/06/05 18:08:46 [::1]:54813 - HTTP/1.1 POST /deletetask
INFO	2024/06/05 18:08:46 [::1]:54813 - HTTP/1.1 GET /
INFO	2024/06/05 18:08:46 Displayed home page
INFO	2024/06/05 18:08:50 [::1]:54813 - HTTP/1.1 POST /addtask
INFO	2024/06/05 18:08:50 [::1]:54813 - HTTP/1.1 GET /
INFO	2024/06/05 18:08:50 Displayed home page
INFO	2024/06/05 18:08:55 [::1]:54813 - HTTP/1.1 POST /updatetask
INFO	2024/06/05 18:08:55 [::1]:54813 - HTTP/1.1 GET /
INFO	2024/06/05 18:08:55 Displayed home page
INFO	2024/06/06 09:36:12 [::1]:55990 - HTTP/1.1 GET /
INFO	2024/06/06 09:36:12 Displayed home page
INFO	2024/06/06 09:36:12 [::1]:55990 - HTTP/1.1 GET /static/style.css
INFO	2024/06/06 09:36:12 [::1]:55990 - HTTP/1.1 GET /favicon.ico
INFO	2024/06/06 09:36:14 [::1]:55990 - HTTP/1.1 POST /deletetask
INFO	2024/06/06 09:36:14 [::1]:55990 - HTTP/1.1 GET /
INFO	2024/06/06 09:36:14 Displayed home page
INFO	2024/06/06 10:32:03 [::1]:56600 - HTTP/1.1 GET /
INFO	2024/06/06 10:32:03 Displayed home page
INFO	2024/06/06 10:32:08 [::1]:56600 - HTTP/1.1 POST /addtask
INFO	2024/06/06 10:32:08 [::1]:56600 - HTTP/1.1 GET /
INFO	2024/06/06 10:32:08 Displayed home page
INFO	2024/06/06 10:32:19 [::1]:56600 - HTTP/1.1 POST /deletetask
INFO	2024/06/06 10:32:19 [::1]:56600 - HTTP/1.1 GET /
INFO	2024/06/06 10:32:19 Displayed home page
INFO	2024/06/06 10:32:30 [::1]:56600 - HTTP/1.1 POST /addtask
INFO	2024/06/06 10:32:30 [::1]:56600 - HTTP/1.1 GET /
INFO	2024/06/06 10:32:30 Displayed home page
INFO	2024/06/06 10:32:34 [::1]:56600 - HTTP/1.1 POST /updatetask
INFO	2024/06/06 10:32:35 [::1]:56600 - HTTP/1.1 GET /
INFO	2024/06/06 10:32:35 Displayed home page
INFO	2024/06/06 10:32:36 [::1]:56600 - HTTP/1.1 POST /deletetask
INFO	2024/06/06 10:32:36 [::1]:56600 - HTTP/1.1 GET /
INFO	2024/06/06 10:32:36 Displayed home page
INFO	2024/06/06 10:58:13 [::1]:56844 - HTTP/1.1 POST /addtask
INFO	2024/06/06 10:58:13 [::1]:56844 - HTTP/1.1 GET /
INFO	2024/06/06 10:58:13 Displayed home page
INFO	2024/06/06 10:58:37 [::1]:56844 - HTTP/1.1 POST /updatetask
INFO	2024/06/06 10:58:37 [::1]:56844 - HTTP/1.1 GET /
INFO	2024/06/06 10:58:37 Displayed home page
INFO	2024/06/06 12:36:06 [::1]:61557 - HTTP/1.1 GET /
INFO	2024/06/06 12:36:06 Displayed home page
INFO	2024/06/06 12:36:17 [::1]:61557 - HTTP/1.1 POST /deletetask
INFO	2024/06/06 12:36:17 [::1]:61557 - HTTP/1.1 GET /
INFO	2024/06/06 12:36:17 Displayed home page
INFO	2024/06/06 12:42:06 [::1]:61796 - HTTP/1.1 GET /
INFO	2024/06/06 12:42:06 Displayed home page
INFO	2024/06/06 12:42:07 [::1]:61796 - HTTP/1.1 GET /
INFO	2024/06/06 12:42:07 Displayed home page
INFO	2024/06/06 12:42:08 [::1]:61796 - HTTP/1.1 GET /
INFO	2024/06/06 12:42:08 Displayed home page
INFO	2024/06/06 12:42:08 [::1]:61796 - HTTP/1.1 GET /
INFO	2024/06/06 12:42:08 Displayed home page
INFO	2024/06/06 12:42:08 [::1]:61796 - HTTP/1.1 GET /
INFO	2024/06/06 12:42:08 Displayed home page
INFO	2024/06/06 12:42:08 [::1]:61796 - HTTP/1.1 GET /
INFO	2024/06/06 12:42:08 Displayed home page
INFO	2024/06/06 12:42:08 [::1]:61796 - HTTP/1.1 GET /
INFO	2024/06/06 12:42:08 Displayed home page
INFO	2024/06/06 12:42:08 [::1]:61796 - HTTP/1.1 GET /
INFO	2024/06/06 12:42:08 Displayed home page
INFO	2024/06/06 12:42:09 [::1]:61796 - HTTP/1.1 GET /
INFO	2024/06/06 12:42:09 Displayed home page
INFO	2024/06/06 12:42:09 [::1]:61796 - HTTP/1.1 GET /
INFO	2024/06/06 12:42:09 Displayed home page
INFO	2024/06/06 12:42:09 [::1]:61796 - HTTP/1.1 GET /
INFO	2024/06/06 12:42:09 Displayed home page
INFO	2024/06/06 12:42:09 [::1]:61796 - HTTP/1.1 GET /
INFO	2024/06/06 12:42:09 Displayed home page
INFO	2024/06/06 12:42:09 [::1]:61796 - HTTP/1.1 GET /
INFO	2024/06/06 12:42:09 Displayed home page
INFO	2024/06/06 12:42:09 [::1]:61796 - HTTP/1.1 GET /
INFO	2024/06/06 12:42:09 Displayed home page
INFO	2024/06/06 12:42:09 [::1]:61796 - HTTP/1.1 GET /
INFO	2024/06/06 12:42:09 Displayed home page
INFO	2024/06/06 12:42:10 [::1]:61796 - HTTP/1.1 GET /
INFO	2024/06/06 12:42:10 Displayed home page
INFO	2024/06/06 12:43:23 [::1]:61846 - HTTP/1.1 GET /
INFO	2024/06/06 12:43:23 Displayed home page
INFO	2024/06/06 12:43:24 [::1]:61846 - HTTP/1.1 GET /
INFO	2024/06/06 12:43:24 Displayed home page
INFO	2024/06/06 12:43:24 [::1]:61846 - HTTP/1.1 GET /
INFO	2024/06/06 12:43:24 Displayed home page
INFO	2024/06/06 12:43:24 [::1]:61846 - HTTP/1.1 GET /
INFO	2024/06/06 12:43:24 Displayed home page
INFO	2024/06/06 12:43:24 [::1]:61846 - HTTP/1.1 GET /
INFO	2024/06/06 12:43:24 Displayed home page
INFO	2024/06/06 12:43:24 [::1]:61846 - HTTP/1.1 GET /
INFO	2024/06/06 12:43:24 Displayed home page
INFO	2024/06/06 12:43:25 [::1]:61846 - HTTP/1.1 GET /
INFO	2024/06/06 12:43:25 Displayed home page
INFO	2024/06/06 12:43:25 [::1]:61846 - HTTP/1.1 GET /
INFO	2024/06/06 12:43:25 Displayed home page
INFO	2024/06/06 12:43:25 [::1]:61846 - HTTP/1.1 GET /
INFO	2024/06/06 12:43:25 Displayed home page
INFO	2024/06/06 12:43:25 [::1]:61846 - HTTP/1.1 GET /
INFO	2024/06/06 12:43:25 Displayed home page
INFO	2024/06/06 12:44:07 [::1]:61846 - HTTP/1.1 POST /addtask
INFO	2024/06/06 12:44:07 [::1]:61846 - HTTP/1.1 GET /
INFO	2024/06/06 12:44:07 Displayed home page
INFO	2024/06/06 12:50:52 [::1]:62099 - HTTP/1.1 GET /
INFO	2024/06/06 12:50:52 Displayed home page
INFO	2024/06/06 12:50:53 [::1]:62099 - HTTP/1.1 GET /
INFO	2024/06/06 12:50:53 Displayed home page
INFO	2024/06/06 12:50:54 [::1]:62099 - HTTP/1.1 GET /
INFO	2024/06/06 12:50:54 Displayed home page
INFO	2024/06/06 12:50:55 [::1]:62099 - HTTP/1.1 GET /
INFO	2024/06/06 12:50:55 Displayed home page
INFO	2024/06/06 12:50:56 [::1]:62099 - HTTP/1.1 GET /
INFO	2024/06/06 12:50:56 Displayed home page
INFO	2024/06/06 12:50:56 [::1]:62099 - HTTP/1.1 GET /
INFO	2024/06/06 12:50:56 Displayed home page
INFO	2024/06/06 12:56:23 [::1]:62278 - HTTP/1.1 GET /
INFO	2024/06/06 12:56:23 Displayed home page
INFO	2024/06/06 12:56:34 [::1]:62278 - HTTP/1.1 GET /user/signup
INFO	2024/06/06 12:56:39 [::1]:62278 - HTTP/1.1 GET /user/login
INFO	2024/06/06 12:56:42 [::1]:62278 - HTTP/1.1 POST /user/logout
INFO	2024/06/06 12:57:03 [::1]:62278 - HTTP/1.1 POST /user/logout
INFO	2024/06/06 12:57:21 [::1]:62278 - HTTP/1.1 POST /user/logout
INFO	2024/06/06 12:57:42 [::1]:62324 - HTTP/1.1 POST /user/logout
INFO	2024/06/06 15:43:01 [::1]:51885 - HTTP/1.1 GET /
INFO	2024/06/06 15:43:01 Displayed home page
INFO	2024/06/06 15:43:04 [::1]:51885 - HTTP/1.1 GET /user/signup
INFO	2024/06/06 15:43:10 [::1]:51885 - HTTP/1.1 POST /deletetask
INFO	2024/06/06 15:43:10 [::1]:51885 - HTTP/1.1 GET /
INFO	2024/06/06 15:43:10 Displayed home page
INFO	2024/06/06 15:43:14 [::1]:51885 - HTTP/1.1 POST /user/logout
INFO	2024/06/06 16:02:19 [::1]:52562 - HTTP/1.1 GET /user/signup
INFO	2024/06/06 16:02:19 [::1]:52562 - HTTP/1.1 GET /static/main.css
INFO	2024/06/06 16:07:40 [::1]:52785 - HTTP/1.1 GET /
INFO	2024/06/06 16:07:40 Displayed home page
INFO	2024/06/06 16:07:43 [::1]:52785 - HTTP/1.1 GET /user/signup
INFO	2024/06/06 16:07:43 [::1]:52785 - HTTP/1.1 GET /static/main.css
INFO	2024/06/06 16:08:09 [::1]:52785 - HTTP/1.1 GET /user/signup
INFO	2024/06/06 16:08:09 [::1]:52785 - HTTP/1.1 GET /static/main.css
INFO	2024/06/06 16:08:43 [::1]:52827 - HTTP/1.1 GET /user/signup
INFO	2024/06/06 16:08:43 [::1]:52827 - HTTP/1.1 GET /static/main.css
INFO	2024/06/06 16:09:06 [::1]:52827 - HTTP/1.1 GET /
INFO	2024/06/06 16:09:06 Displayed home page
INFO	2024/06/06 16:09:06 [::1]:52827 - HTTP/1.1 GET /static/style.css
INFO	2024/06/06 16:09:13 [::1]:52827 - HTTP/1.1 POST /addtask
INFO	2024/06/06 16:09:13 [::1]:52827 - HTTP/1.1 GET /
INFO	2024/06/06 16:09:14 Displayed home page
INFO	2024/06/06 16:09:14 [::1]:52827 - HTTP/1.1 GET /static/style.css
INFO	2024/06/06 16:09:36 [::1]:52827 - HTTP/1.1 GET /user/signup
INFO	2024/06/06 16:09:36 [::1]:52827 - HTTP/1.1 GET /static/main.css
INFO	2024/06/06 16:12:13 [::1]:52952 - HTTP/1.1 GET /static/style.css
INFO	2024/06/06 16:12:15 [::1]:52952 - HTTP/1.1 GET /
INFO	2024/06/06 16:12:15 Displayed home page
INFO	2024/06/06 16:12:15 [::1]:52952 - HTTP/1.1 GET /static/style.css
INFO	2024/06/06 16:12:17 [::1]:52952 - HTTP/1.1 GET /user/signup
INFO	2024/06/06 16:12:17 [::1]:52952 - HTTP/1.1 GET /static/style.css
INFO	2024/06/06 16:38:31 [::1]:53887 - HTTP/1.1 GET /
INFO	2024/06/06 16:38:31 Displayed home page
INFO	2024/06/06 16:38:31 [::1]:53887 - HTTP/1.1 GET /static/style.css
INFO	2024/06/06 16:38:34 [::1]:53887 - HTTP/1.1 GET /user/signup
INFO	2024/06/06 16:38:34 [::1]:53887 - HTTP/1.1 GET /static/style.css
INFO	2024/06/06 16:38:56 [::1]:53887 - HTTP/1.1 POST /user/signup
INFO	2024/06/06 16:38:56 [::1]:53887 - HTTP/1.1 GET /
INFO	2024/06/06 16:38:56 Displayed home page
INFO	2024/06/06 16:38:56 [::1]:53887 - HTTP/1.1 GET /static/style.css
INFO	2024/06/06 16:41:49 [::1]:54014 - HTTP/1.1 GET /user/signup
INFO	2024/06/06 16:41:49 [::1]:54014 - HTTP/1.1 GET /static/style.css
INFO	2024/06/06 16:41:53 [::1]:54014 - HTTP/1.1 POST /user/signup
INFO	2024/06/06 16:41:53 [::1]:54014 - HTTP/1.1 GET /
INFO	2024/06/06 16:41:53 Displayed home page
INFO	2024/06/06 16:41:53 [::1]:54014 - HTTP/1.1 GET /static/style.css
INFO	2024/06/06 16:41:56 [::1]:54014 - HTTP/1.1 GET /user/signup
INFO	2024/06/06 16:41:56 [::1]:54014 - HTTP/1.1 GET /static/style.css
INFO	2024/06/06 16:42:13 [::1]:54014 - HTTP/1.1 POST /user/signup
INFO	2024/06/06 16:42:13 [::1]:54014 - HTTP/1.1 GET /
INFO	2024/06/06 16:42:13 Displayed home page
INFO	2024/06/06 16:42:13 [::1]:54014 - HTTP/1.1 GET /static/style.css
INFO	2024/06/06 16:44:56 [::1]:54126 - HTTP/1.1 GET /user/signup
INFO	2024/06/06 16:44:56 [::1]:54126 - HTTP/1.1 GET /static/style.css
INFO	2024/06/06 16:45:03 [::1]:54126 - HTTP/1.1 POST /user/signup
INFO	2024/06/06 16:45:03 [::1]:54126 - HTTP/1.1 GET /
INFO	2024/06/06 16:45:03 Displayed home page
INFO	2024/06/06 16:45:03 [::1]:54126 - HTTP/1.1 GET /static/style.css
INFO	2024/06/06 16:46:04 [::1]:54170 - HTTP/1.1 GET /user/signup
INFO	2024/06/06 16:46:04 [::1]:54170 - HTTP/1.1 GET /static/style.css
INFO	2024/06/06 16:46:05 [::1]:54170 - HTTP/1.1 GET /user/signup
INFO	2024/06/06 16:46:05 [::1]:54170 - HTTP/1.1 GET /static/style.css
INFO	2024/06/06 16:46:06 [::1]:54170 - HTTP/1.1 GET /user/signup
INFO	2024/06/06 16:46:06 [::1]:54170 - HTTP/1.1 GET /static/style.css
INFO	2024/06/06 16:46:06 [::1]:54170 - HTTP/1.1 GET /user/signup
INFO	2024/06/06 16:46:06 [::1]:54170 - HTTP/1.1 GET /static/style.css
INFO	2024/06/06 16:46:06 [::1]:54170 - HTTP/1.1 GET /user/signup
INFO	2024/06/06 16:46:06 [::1]:54170 - HTTP/1.1 GET /static/style.css
INFO	2024/06/06 16:46:07 [::1]:54170 - HTTP/1.1 GET /user/signup
INFO	2024/06/06 16:46:07 [::1]:54170 - HTTP/1.1 GET /static/style.css
INFO	2024/06/06 16:46:12 [::1]:54170 - HTTP/1.1 POST /user/signup
INFO	2024/06/06 16:46:12 [::1]:54170 - HTTP/1.1 GET /
INFO	2024/06/06 16:46:12 Displayed home page
INFO	2024/06/06 16:46:12 [::1]:54170 - HTTP/1.1 GET /static/style.css
INFO	2024/06/06 17:57:24 [::1]:56657 - HTTP/1.1 GET /
INFO	2024/06/06 17:57:24 Displayed home page
INFO	2024/06/06 17:57:24 [::1]:56657 - HTTP/1.1 GET /static/style.css
INFO	2024/06/06 17:57:26 [::1]:56657 - HTTP/1.1 GET /user/login
INFO	2024/06/06 18:07:10 [::1]:57019 - HTTP/1.1 GET /user/login
INFO	2024/06/06 18:07:10 [::1]:57019 - HTTP/1.1 GET /static/style.css
INFO	2024/06/06 18:25:54 [::1]:57672 - HTTP/1.1 POST /user/login
INFO	2024/06/06 18:25:54 [::1]:57672 - HTTP/1.1 GET /user/login
INFO	2024/06/06 18:25:54 [::1]:57672 - HTTP/1.1 GET /static/style.css
INFO	2024/06/06 18:26:40 [::1]:57672 - HTTP/1.1 POST /user/login
INFO	2024/06/06 18:26:40 [::1]:57672 - HTTP/1.1 GET /user/login
INFO	2024/06/06 18:26:41 [::1]:57672 - HTTP/1.1 GET /static/style.css
INFO	2024/06/06 18:27:00 [::1]:57672 - HTTP/1.1 GET /user/login
INFO	2024/06/06 18:27:00 [::1]:57672 - HTTP/1.1 GET /static/style.css
INFO	2024/06/06 18:27:01 [::1]:57672 - HTTP/1.1 GET /user/login
INFO	2024/06/06 18:27:01 [::1]:57672 - HTTP/1.1 GET /static/style.css
INFO	2024/06/06 18:27:02 [::1]:57672 - HTTP/1.1 GET /
INFO	2024/06/06 18:27:02 Displayed home page
INFO	2024/06/06 18:27:02 [::1]:57672 - HTTP/1.1 GET /static/style.css
INFO	2024/06/06 18:27:05 [::1]:57672 - HTTP/1.1 GET /user/login
INFO	2024/06/06 18:27:05 [::1]:57672 - HTTP/1.1 GET /static/style.css
INFO	2024/06/06 18:27:18 [::1]:57672 - HTTP/1.1 POST /user/login
INFO	2024/06/06 18:27:18 [::1]:57672 - HTTP/1.1 GET /user/login
INFO	2024/06/06 18:27:18 [::1]:57672 - HTTP/1.1 GET /static/style.css
INFO	2024/06/06 18:28:36 [::1]:57777 - HTTP/1.1 POST /user/login
INFO	2024/06/06 18:28:36 [::1]:57777 - HTTP/1.1 GET /user/login
INFO	2024/06/06 18:28:36 [::1]:57777 - HTTP/1.1 GET /static/style.css
INFO	2024/06/06 18:28:57 [::1]:57777 - HTTP/1.1 POST /user/login
INFO	2024/06/06 18:28:57 [::1]:57777 - HTTP/1.1 GET /
INFO	2024/06/06 18:28:57 Displayed home page
INFO	2024/06/06 18:28:57 [::1]:57777 - HTTP/1.1 GET /static/style.css
INFO	2024/06/06 19:11:49 [::1]:58591 - HTTP/1.1 GET /
INFO	2024/06/06 19:11:49 Displayed home page
INFO	2024/06/06 19:11:49 [::1]:58591 - HTTP/1.1 GET /static/style.css
INFO	2024/06/06 19:11:51 [::1]:58591 - HTTP/1.1 GET /favicon.ico
INFO	2024/06/06 19:12:02 [::1]:58591 - HTTP/1.1 GET /user/login
INFO	2024/06/06 19:12:35 [::1]:58591 - HTTP/1.1 GET /
INFO	2024/06/06 19:12:35 Displayed home page
INFO	2024/06/06 19:16:22 [::1]:58591 - HTTP/1.1 POST /user/logout
INFO	2024/06/06 19:16:22 [::1]:58591 - HTTP/1.1 GET /user/login
INFO	2024/06/06 19:32:43 [::1]:58731 - HTTP/1.1 GET /
INFO	2024/06/06 19:32:43 [::1]:58731 - HTTP/1.1 GET /login
INFO	2024/06/06 19:32:43 [::1]:58731 - HTTP/1.1 GET /
INFO	2024/06/06 19:32:43 [::1]:58731 - HTTP/1.1 GET /login
INFO	2024/06/06 19:32:46 [::1]:58731 - HTTP/1.1 GET /login
INFO	2024/06/06 19:33:05 [::1]:58731 - HTTP/1.1 GET /user/login
INFO	2024/06/06 19:33:05 [::1]:58731 - HTTP/1.1 GET /static/style.css
INFO	2024/06/06 19:33:48 [::1]:58763 - HTTP/1.1 GET /
INFO	2024/06/06 19:33:48 [::1]:58763 - HTTP/1.1 GET /user/login
INFO	2024/06/06 19:33:57 [::1]:58763 - HTTP/1.1 POST /user/login
INFO	2024/06/06 19:33:57 [::1]:58763 - HTTP/1.1 GET /
INFO	2024/06/06 19:33:57 Displayed home page
INFO	2024/06/06 19:34:04 [::1]:58763 - HTTP/1.1 POST /user/logout
INFO	2024/06/06 19:34:04 [::1]:58763 - HTTP/1.1 GET /user/login
INFO	2024/06/07 10:58:26 [::1]:59768 - HTTP/1.1 GET /
INFO	2024/06/07 10:58:26 [::1]:59768 - HTTP/1.1 GET /user/login
INFO	2024/06/07 10:58:26 [::1]:59768 - HTTP/1.1 GET /static/style.css
INFO	2024/06/07 10:58:26 [::1]:59768 - HTTP/1.1 GET /favicon.ico
INFO	2024/06/07 10:58:36 [::1]:59769 - HTTP/1.1 POST /user/login
INFO	2024/06/07 10:58:36 [::1]:59769 - HTTP/1.1 GET /
INFO	2024/06/07 10:58:36 Displayed home page
INFO	2024/06/07 12:12:06 [::1]:59885 - HTTP/1.1 GET /
INFO	2024/06/07 12:12:06 Displayed home page
INFO	2024/06/07 12:12:08 [::1]:59885 - HTTP/1.1 GET /user/special
INFO	2024/06/07 12:17:31 [::1]:59894 - HTTP/1.1 GET /user/login
INFO	2024/06/07 12:17:43 [::1]:59894 - HTTP/1.1 GET /
INFO	2024/06/07 12:17:43 Displayed home page
INFO	2024/06/07 12:18:37 [::1]:59894 - HTTP/1.1 GET /user/special
INFO	2024/06/07 12:22:19 [::1]:59908 - HTTP/1.1 GET /
INFO	2024/06/07 12:22:19 Displayed home page
INFO	2024/06/07 12:22:21 [::1]:59908 - HTTP/1.1 GET /user/special
INFO	2024/06/07 12:23:42 [::1]:59908 - HTTP/1.1 GET /user/special
INFO	2024/06/07 12:23:51 [::1]:59908 - HTTP/1.1 GET /user/special
INFO	2024/06/07 12:24:01 [::1]:59908 - HTTP/1.1 GET /user/special
INFO	2024/06/07 12:24:09 [::1]:59908 - HTTP/1.1 GET /user/special
INFO	2024/06/07 12:25:34 [::1]:59967 - HTTP/1.1 GET /
INFO	2024/06/07 12:25:34 Displayed home page
INFO	2024/06/07 12:25:34 [::1]:59967 - HTTP/1.1 GET /static/style.css
INFO	2024/06/07 12:25:36 [::1]:59967 - HTTP/1.1 GET /user/special
INFO	2024/06/07 12:25:58 [::1]:59967 - HTTP/1.1 POST /addtask
INFO	2024/06/07 12:25:58 [::1]:59967 - HTTP/1.1 GET /
INFO	2024/06/07 12:25:58 Displayed home page
INFO	2024/06/07 12:25:58 [::1]:59967 - HTTP/1.1 GET /static/style.css
INFO	2024/06/07 12:26:01 [::1]:59967 - HTTP/1.1 GET /user/special
INFO	2024/06/07 12:37:08 [::1]:60290 - HTTP/1.1 GET /user/special
INFO	2024/06/07 12:38:59 [::1]:60290 - HTTP/1.1 GET /user/special
INFO	2024/06/07 12:48:15 [::1]:60606 - HTTP/1.1 GET /
INFO	2024/06/07 12:48:15 Displayed home page
INFO	2024/06/07 12:48:15 [::1]:60606 - HTTP/1.1 GET /static/style.css
INFO	2024/06/07 12:48:17 [::1]:60606 - HTTP/1.1 GET /user/special
INFO	2024/06/07 12:50:17 [::1]:60667 - HTTP/1.1 GET /
INFO	2024/06/07 12:50:17 Displayed home page
INFO	2024/06/07 12:50:17 [::1]:60667 - HTTP/1.1 GET /static/style.css
INFO	2024/06/07 12:50:19 [::1]:60667 - HTTP/1.1 GET /user/special
INFO	2024/06/07 12:50:19 Displayed special page
INFO	2024/06/07 12:50:19 [::1]:60667 - HTTP/1.1 GET /static/style.css
INFO	2024/06/07 12:51:35 [::1]:60667 - HTTP/1.1 POST /addtask
INFO	2024/06/07 12:51:35 [::1]:60667 - HTTP/1.1 GET /
INFO	2024/06/07 12:51:35 Displayed home page
INFO	2024/06/07 12:51:35 [::1]:60667 - HTTP/1.1 GET /static/style.css
INFO	2024/06/07 12:51:39 [::1]:60667 - HTTP/1.1 GET /user/special
INFO	2024/06/07 12:51:39 Displayed special page
INFO	2024/06/07 12:51:39 [::1]:60667 - HTTP/1.1 GET /static/style.css
INFO	2024/06/07 13:32:41 [::1]:61851 - HTTP/1.1 GET /
INFO	2024/06/07 13:32:41 Displayed home page
INFO	2024/06/07 13:32:41 [::1]:61851 - HTTP/1.1 GET /static/style.css
INFO	2024/06/07 13:32:58 [::1]:61851 - HTTP/1.1 POST /deletetask
INFO	2024/06/07 13:32:58 [::1]:61851 - HTTP/1.1 GET /
INFO	2024/06/07 13:32:58 Displayed home page
INFO	2024/06/07 13:32:58 [::1]:61851 - HTTP/1.1 GET /static/style.css
INFO	2024/06/07 13:33:12 [::1]:61851 - HTTP/1.1 POST /addtask
INFO	2024/06/07 13:33:12 [::1]:61851 - HTTP/1.1 GET /
INFO	2024/06/07 13:33:12 Displayed home page
INFO	2024/06/07 13:33:12 [::1]:61851 - HTTP/1.1 GET /static/style.css
INFO	2024/06/07 13:33:17 [::1]:61851 - HTTP/1.1 GET /user/special
INFO	2024/06/07 13:33:17 Displayed special page
INFO	2024/06/07 13:33:17 [::1]:61851 - HTTP/1.1 GET /static/style.css
INFO	2024/06/07 13:33:28 [::1]:61851 - HTTP/1.1 POST /deletetask
INFO	2024/06/07 13:33:28 [::1]:61851 - HTTP/1.1 GET /
INFO	2024/06/07 13:33:28 Displayed home page
INFO	2024/06/07 13:33:28 [::1]:61851 - HTTP/1.1 GET /static/style.css
INFO	2024/06/07 13:33:52 [::1]:61851 - HTTP/1.1 POST /addtask
INFO	2024/06/07 13:33:52 [::1]:61851 - HTTP/1.1 GET /
INFO	2024/06/07 13:33:52 Displayed home page
INFO	2024/06/07 13:33:52 [::1]:61851 - HTTP/1.1 GET /static/style.css
INFO	2024/06/07 13:33:57 [::1]:61851 - HTTP/1.1 GET /user/special
INFO	2024/06/07 13:33:57 Displayed special page
INFO	2024/06/07 13:33:57 [::1]:61851 - HTTP/1.1 GET /static/style.css
INFO	2024/06/07 13:37:23 [::1]:61851 - HTTP/1.1 POST /addtask
INFO	2024/06/07 13:37:23 [::1]:61851 - HTTP/1.1 GET /
INFO	2024/06/07 13:37:23 Displayed home page
INFO	2024/06/07 13:37:23 [::1]:61851 - HTTP/1.1 GET /static/style.css
INFO	2024/06/07 13:37:28 [::1]:61851 - HTTP/1.1 GET /user/special
INFO	2024/06/07 13:37:28 Displayed special page
INFO	2024/06/07 13:37:28 [::1]:61851 - HTTP/1.1 GET /static/style.css
INFO	2024/06/07 13:43:25 [::1]:62156 - HTTP/1.1 GET /user/special
INFO	2024/06/07 13:43:25 Displayed special page
INFO	2024/06/07 13:43:25 [::1]:62156 - HTTP/1.1 GET /static/style.css
INFO	2024/06/07 13:43:27 [::1]:62156 - HTTP/1.1 POST /deletetask
INFO	2024/06/07 13:43:27 [::1]:62156 - HTTP/1.1 GET /
INFO	2024/06/07 13:43:27 Displayed home page
INFO	2024/06/07 13:43:27 [::1]:62156 - HTTP/1.1 GET /static/style.css
INFO	2024/06/07 13:43:32 [::1]:62156 - HTTP/1.1 GET /user/special
INFO	2024/06/07 13:43:32 Displayed special page
INFO	2024/06/07 13:43:32 [::1]:62156 - HTTP/1.1 GET /static/style.css
INFO	2024/06/07 13:56:54 [::1]:62534 - HTTP/1.1 GET /
INFO	2024/06/07 13:56:54 Displayed home page
INFO	2024/06/07 13:56:54 [::1]:62534 - HTTP/1.1 GET /static/style.css
INFO	2024/06/07 13:56:58 [::1]:62534 - HTTP/1.1 POST /deletetask
INFO	2024/06/07 13:56:58 [::1]:62534 - HTTP/1.1 GET /
INFO	2024/06/07 13:56:58 Displayed home page
INFO	2024/06/07 13:56:58 [::1]:62534 - HTTP/1.1 GET /static/style.css
INFO	2024/06/07 13:57:02 [::1]:62534 - HTTP/1.1 POST /deletetask
INFO	2024/06/07 13:57:02 [::1]:62534 - HTTP/1.1 GET /
INFO	2024/06/07 13:57:02 Displayed home page
INFO	2024/06/07 13:57:02 [::1]:62534 - HTTP/1.1 GET /static/style.css
INFO	2024/06/07 13:57:07 [::1]:62534 - HTTP/1.1 POST /deletetask
INFO	2024/06/07 13:57:07 [::1]:62534 - HTTP/1.1 GET /
INFO	2024/06/07 13:57:07 Displayed home page
INFO	2024/06/07 13:57:07 [::1]:62534 - HTTP/1.1 GET /static/style.css
INFO	2024/06/07 13:58:39 [::1]:62587 - HTTP/1.1 GET /
INFO	2024/06/07 13:58:39 Displayed home page
INFO	2024/06/07 13:58:39 [::1]:62587 - HTTP/1.1 GET /static/style.css
INFO	2024/06/07 13:58:41 [::1]:62587 - HTTP/1.1 POST /deletetask
INFO	2024/06/07 13:58:41 [::1]:62587 - HTTP/1.1 GET /
INFO	2024/06/07 13:58:41 Displayed home page
INFO	2024/06/07 13:58:41 [::1]:62587 - HTTP/1.1 GET /static/style.css
INFO	2024/06/07 13:58:45 [::1]:62587 - HTTP/1.1 POST /deletetask
INFO	2024/06/07 13:58:45 [::1]:62587 - HTTP/1.1 GET /
INFO	2024/06/07 13:58:45 Displayed home page
INFO	2024/06/07 13:58:45 [::1]:62587 - HTTP/1.1 GET /static/style.css
INFO	2024/06/07 14:00:12 [::1]:62587 - HTTP/1.1 POST /deletetask
INFO	2024/06/07 14:00:12 [::1]:62587 - HTTP/1.1 GET /
INFO	2024/06/07 14:00:12 Displayed home page
INFO	2024/06/07 14:00:12 [::1]:62587 - HTTP/1.1 GET /static/style.css
INFO	2024/06/07 14:00:17 [::1]:62587 - HTTP/1.1 POST /deletetask
INFO	2024/06/07 14:00:17 [::1]:62587 - HTTP/1.1 GET /
INFO	2024/06/07 14:00:17 Displayed home page
INFO	2024/06/07 14:00:17 [::1]:62587 - HTTP/1.1 GET /static/style.css
INFO	2024/06/07 14:05:55 [::1]:62798 - HTTP/1.1 POST /deletetask
INFO	2024/06/07 14:05:55 [::1]:62798 - HTTP/1.1 GET /
INFO	2024/06/07 14:05:55 Displayed home page
INFO	2024/06/07 14:05:56 [::1]:62798 - HTTP/1.1 GET /static/style.css
INFO	2024/06/07 14:06:00 [::1]:62798 - HTTP/1.1 POST /deletetask
INFO	2024/06/07 14:06:00 [::1]:62798 - HTTP/1.1 GET /
INFO	2024/06/07 14:06:00 Displayed home page
INFO	2024/06/07 14:06:00 [::1]:62798 - HTTP/1.1 GET /static/style.css
INFO	2024/06/07 14:06:05 [::1]:62798 - HTTP/1.1 POST /deletetask
INFO	2024/06/07 14:06:05 [::1]:62798 - HTTP/1.1 GET /
INFO	2024/06/07 14:06:05 Displayed home page
INFO	2024/06/07 14:06:05 [::1]:62798 - HTTP/1.1 GET /static/style.css
INFO	2024/06/07 14:06:21 [::1]:62798 - HTTP/1.1 GET /user/special
INFO	2024/06/07 14:06:21 Displayed special page
INFO	2024/06/07 14:06:21 [::1]:62798 - HTTP/1.1 GET /static/style.css
INFO	2024/06/07 14:14:41 [::1]:63041 - HTTP/1.1 GET /
INFO	2024/06/07 14:14:41 Displayed home page
INFO	2024/06/07 14:14:41 [::1]:63041 - HTTP/1.1 GET /static/style.css
INFO	2024/06/07 14:27:56 [::1]:63412 - HTTP/1.1 GET /user/special
INFO	2024/06/07 14:27:56 Displayed special page
INFO	2024/06/07 14:27:56 [::1]:63412 - HTTP/1.1 GET /static/style.css
INFO	2024/06/07 14:33:40 [::1]:63577 - HTTP/1.1 GET /
INFO	2024/06/07 14:33:40 Displayed home page
INFO	2024/06/07 14:33:40 [::1]:63577 - HTTP/1.1 GET /static/style.css
INFO	2024/06/07 14:33:43 [::1]:63577 - HTTP/1.1 GET /user/special
INFO	2024/06/07 14:33:43 Displayed special page
INFO	2024/06/07 14:33:44 [::1]:63577 - HTTP/1.1 GET /static/style.css
INFO	2024/06/07 14:34:27 [::1]:63577 - HTTP/1.1 POST /deletetask
INFO	2024/06/07 14:34:27 [::1]:63577 - HTTP/1.1 GET /
INFO	2024/06/07 14:34:27 Displayed home page
INFO	2024/06/07 14:34:27 [::1]:63577 - HTTP/1.1 GET /static/style.css
INFO	2024/06/07 14:34:47 [::1]:63577 - HTTP/1.1 POST /addtask
INFO	2024/06/07 14:34:47 [::1]:63577 - HTTP/1.1 GET /
INFO	2024/06/07 14:34:47 Displayed home page
INFO	2024/06/07 14:34:47 [::1]:63577 - HTTP/1.1 GET /static/style.css
INFO	2024/06/07 14:35:05 [::1]:63577 - HTTP/1.1 GET /user/special
INFO	2024/06/07 14:35:05 Displayed special page
INFO	2024/06/07 14:35:05 [::1]:63577 - HTTP/1.1 GET /static/style.css
INFO	2024/06/07 14:35:11 [::1]:63577 - HTTP/1.1 POST /user/deletetask
INFO	2024/06/07 14:36:18 [::1]:63577 - HTTP/1.1 POST /addtask
INFO	2024/06/07 14:36:18 [::1]:63577 - HTTP/1.1 GET /
INFO	2024/06/07 14:36:18 Displayed home page
INFO	2024/06/07 14:36:18 [::1]:63577 - HTTP/1.1 GET /static/style.css
INFO	2024/06/07 14:36:23 [::1]:63577 - HTTP/1.1 GET /user/special
INFO	2024/06/07 14:36:23 Displayed special page
INFO	2024/06/07 14:36:23 [::1]:63577 - HTTP/1.1 GET /static/style.css
INFO	2024/06/07 14:37:42 [::1]:63577 - HTTP/1.1 POST /addtask
INFO	2024/06/07 14:37:42 [::1]:63577 - HTTP/1.1 GET /
INFO	2024/06/07 14:37:42 Displayed home page
INFO	2024/06/07 14:37:42 [::1]:63577 - HTTP/1.1 GET /static/style.css
INFO	2024/06/07 14:37:48 [::1]:63577 - HTTP/1.1 GET /user/special
INFO	2024/06/07 14:37:48 Displayed special page
INFO	2024/06/07 14:37:48 [::1]:63577 - HTTP/1.1 GET /static/style.css
INFO	2024/06/07 14:39:26 [::1]:63577 - HTTP/1.1 POST /user/deletetask
INFO	2024/06/07 14:47:59 [::1]:63982 - HTTP/1.1 GET /
INFO	2024/06/07 14:47:59 Displayed home page
INFO	2024/06/07 14:47:59 [::1]:63982 - HTTP/1.1 GET /static/style.css
INFO	2024/06/07 14:48:24 [::1]:63982 - HTTP/1.1 POST /addtask
INFO	2024/06/07 14:48:24 [::1]:63982 - HTTP/1.1 GET /
INFO	2024/06/07 14:48:24 Displayed home page
INFO	2024/06/07 14:48:24 [::1]:63982 - HTTP/1.1 GET /static/style.css
INFO	2024/06/07 14:48:29 [::1]:63982 - HTTP/1.1 GET /user/special
INFO	2024/06/07 14:48:29 Displayed special page
INFO	2024/06/07 14:48:29 [::1]:63982 - HTTP/1.1 GET /static/style.css
INFO	2024/06/07 14:48:37 [::1]:63982 - HTTP/1.1 POST /user/deletetask
INFO	2024/06/07 14:48:45 [::1]:63982 - HTTP/1.1 POST /deletetask
INFO	2024/06/07 14:48:45 [::1]:63982 - HTTP/1.1 GET /
INFO	2024/06/07 14:48:45 Displayed home page
INFO	2024/06/07 14:48:45 [::1]:63982 - HTTP/1.1 GET /static/style.css
INFO	2024/06/07 14:48:50 [::1]:63982 - HTTP/1.1 GET /user/special
INFO	2024/06/07 14:48:50 Displayed special page
INFO	2024/06/07 14:48:50 [::1]:63982 - HTTP/1.1 GET /static/style.css
INFO	2024/06/07 14:50:43 [::1]:63982 - HTTP/1.1 POST /user/deletetask
INFO	2024/06/07 14:55:09 [::1]:64187 - HTTP/1.1 GET /
INFO	2024/06/07 14:55:09 Displayed home page
INFO	2024/06/07 14:55:09 [::1]:64187 - HTTP/1.1 GET /static/style.css
INFO	2024/06/07 14:55:14 [::1]:64187 - HTTP/1.1 GET /user/special
INFO	2024/06/07 14:55:14 Displayed special page
INFO	2024/06/07 14:55:14 [::1]:64187 - HTTP/1.1 GET /static/style.css
INFO	2024/06/07 14:55:16 [::1]:64187 - HTTP/1.1 POST /user/deletetask
INFO	2024/06/07 14:55:16 [::1]:64187 - HTTP/1.1 GET /user/special
INFO	2024/06/07 14:55:16 Displayed special page
INFO	2024/06/07 14:55:16 [::1]:64187 - HTTP/1.1 GET /static/style.css
INFO	2024/06/07 14:55:19 [::1]:64187 - HTTP/1.1 POST /user/deletetask
INFO	2024/06/07 14:55:19 [::1]:64187 - HTTP/1.1 GET /user/special
INFO	2024/06/07 14:55:19 Displayed special page
INFO	2024/06/07 14:55:19 [::1]:64187 - HTTP/1.1 GET /static/style.css
INFO	2024/06/07 14:56:09 [::1]:64187 - HTTP/1.1 GET /user/special
INFO	2024/06/07 14:56:09 Displayed special page
INFO	2024/06/07 14:56:09 [::1]:64187 - HTTP/1.1 GET /static/style.css
INFO	2024/06/07 14:56:11 [::1]:64187 - HTTP/1.1 GET /user/special
INFO	2024/06/07 14:56:11 Displayed special page
INFO	2024/06/07 14:56:11 [::1]:64187 - HTTP/1.1 GET /static/style.css
INFO	2024/06/07 14:56:18 [::1]:64187 - HTTP/1.1 GET /
INFO	2024/06/07 14:56:18 Displayed home page
INFO	2024/06/07 14:56:18 [::1]:64187 - HTTP/1.1 GET /static/style.css
INFO	2024/06/07 14:56:22 [::1]:64187 - HTTP/1.1 POST /deletetask
INFO	2024/06/07 14:56:22 [::1]:64187 - HTTP/1.1 GET /
INFO	2024/06/07 14:56:22 Displayed home page
INFO	2024/06/07 14:56:22 [::1]:64187 - HTTP/1.1 GET /static/style.css
INFO	2024/06/07 14:56:24 [::1]:64187 - HTTP/1.1 POST /deletetask
INFO	2024/06/07 14:56:24 [::1]:64187 - HTTP/1.1 GET /
INFO	2024/06/07 14:56:24 Displayed home page
INFO	2024/06/07 14:56:24 [::1]:64187 - HTTP/1.1 GET /static/style.css
INFO	2024/06/07 15:07:34 [::1]:64535 - HTTP/1.1 POST /addtask
INFO	2024/06/07 15:07:34 [::1]:64535 - HTTP/1.1 GET /
INFO	2024/06/07 15:07:34 Displayed home page
INFO	2024/06/07 15:07:34 [::1]:64535 - HTTP/1.1 GET /static/style.css
INFO	2024/06/07 15:07:36 [::1]:64535 - HTTP/1.1 GET /user/special
INFO	2024/06/07 15:07:36 Displayed special page
INFO	2024/06/07 15:07:36 [::1]:64535 - HTTP/1.1 GET /static/style.css
INFO	2024/06/07 15:07:48 [::1]:64535 - HTTP/1.1 POST /addtask
INFO	2024/06/07 15:07:48 [::1]:64535 - HTTP/1.1 GET /
INFO	2024/06/07 15:07:48 Displayed home page
INFO	2024/06/07 15:07:48 [::1]:64535 - HTTP/1.1 GET /static/style.css
INFO	2024/06/07 15:07:52 [::1]:64535 - HTTP/1.1 GET /user/special
INFO	2024/06/07 15:07:52 Displayed special page
INFO	2024/06/07 15:07:52 [::1]:64535 - HTTP/1.1 GET /static/style.css
INFO	2024/06/07 15:07:54 [::1]:64535 - HTTP/1.1 POST /user/deletetask
INFO	2024/06/07 15:07:54 [::1]:64535 - HTTP/1.1 GET /user/special
INFO	2024/06/07 15:07:54 Displayed special page
INFO	2024/06/07 15:07:54 [::1]:64535 - HTTP/1.1 GET /static/style.css
INFO	2024/06/07 15:07:56 [::1]:64535 - HTTP/1.1 GET /user/special
INFO	2024/06/07 15:07:56 Displayed special page
INFO	2024/06/07 15:07:56 [::1]:64535 - HTTP/1.1 GET /static/style.css
INFO	2024/06/07 15:08:05 [::1]:64535 - HTTP/1.1 GET /
INFO	2024/06/07 15:08:05 Displayed home page
INFO	2024/06/07 15:08:05 [::1]:64535 - HTTP/1.1 GET /static/style.css
